<?xml version="1.0" encoding="UTF-8"?>
<testng-results total="1" passed="1" failed="0" skipped="0">
  <reporter-output>
  </reporter-output>
  <suite started-at="2019-01-05T09:11:32Z" name="Suite" finished-at="2019-01-05T09:11:57Z" duration-ms="25047">
    <groups>
    </groups>
    <test started-at="2019-01-05T09:11:32Z" name="Test" finished-at="2019-01-05T09:11:57Z" duration-ms="25047">
      <class name="Guru99demo.gittest.AppTest">
        <test-method signature="Guru99Tutorials()[pri:0, instance:Guru99demo.gittest.AppTest@568ff82]" started-at="2019-01-05T14:41:32Z" name="Guru99Tutorials" finished-at="2019-01-05T14:41:57Z" duration-ms="24970" status="PASS">
          <reporter-output>
          </reporter-output>
        </test-method> <!-- Guru99Tutorials -->
      </class> <!-- Guru99demo.gittest.AppTest -->
    </test> <!-- Test -->
  </suite> <!-- Suite -->
</testng-results>
